<?xml version="1.0" encoding="UTF-8"?>
<!-- Generated by org.testng.reporters.JUnitXMLReporter -->
<testsuite hostname="CarnotTech" ignored="0" name="Selenium Test" tests="2" failures="1" timestamp="2023-10-20T15:35:32 IST" time="27.153" errors="0">
  <testcase name="testInvalidLogin" time="1.275" classname="GRAMPOWER.App"/>
  <testcase name="testLogin" time="20.462" classname="GRAMPOWER.App">
    <failure type="java.lang.AssertionError" message="expected [Gram Power] but found []">
      <![CDATA[java.lang.AssertionError: expected [Gram Power] but found []
at GRAMPOWER.App.testLogin(App.java:38)
at java.util.ArrayList.forEach(ArrayList.java:1259)
... Removed 36 stack frames]]>
    </failure>
  </testcase> <!-- testLogin -->
</testsuite> <!-- Selenium Test -->
